nativeproof: building iOS simulator app with scheme "Wordly Dev" …
warning: 'variable_name' has been renamed to 'identifier_name' and will be completely removed in a future release.
warning: Found a configuration for 'identifier_name' rule, but it is disabled in 'disabled_rules'.
warning: Found a configuration for 'large_tuple' rule, but it is disabled in 'disabled_rules'.
/Users/agents/Projects/nativeproof-wordly-loop-JbNA9R/ios/wordly-mobile-ios/Wordly/Features/Auth/AuthManager.swift:218:28: warning: Collection Element Alignment Violation: All elements in a collection literal should be vertically aligned (collection_alignment)
/Users/agents/Projects/nativeproof-wordly-loop-JbNA9R/ios/wordly-mobile-ios/Wordly/Features/Auth/AuthManager.swift:219:28: warning: Collection Element Alignment Violation: All elements in a collection literal should be vertically aligned (collection_alignment)
/Users/agents/Projects/nativeproof-wordly-loop-JbNA9R/ios/wordly-mobile-ios/Wordly/Features/Auth/AuthManager.swift:217:29: warning: Multiline Literal Brackets Violation: Multiline literals should have their surrounding brackets in a new line (multiline_literal_brackets)
/Users/agents/Projects/nativeproof-wordly-loop-JbNA9R/ios/wordly-mobile-ios/Wordly/Features/Auth/AuthManager.swift:219:56: warning: Multiline Literal Brackets Violation: Multiline literals should have their surrounding brackets in a new line (multiline_literal_brackets)
/Users/agents/Projects/nativeproof-wordly-loop-JbNA9R/ios/wordly-mobile-ios/Wordly/Features/Home/EULAView.swift:185:13: warning: Cyclomatic Complexity Violation: Function should have complexity 10 or less; currently complexity is 11 (cyclomatic_complexity)
/Users/agents/Projects/nativeproof-wordly-loop-JbNA9R/ios/wordly-mobile-ios/Wordly/Features/Home/EULAView.swift:185:13: warning: Function Body Length Violation: Function body should span 50 lines or less excluding comments and whitespace: currently spans 56 lines (function_body_length)
/Users/agents/Projects/nativeproof-wordly-loop-JbNA9R/ios/wordly-mobile-ios/Wordly/Features/JoinSession/SessionJoinViewModel.swift:148:5: warning: Function Body Length Violation: Function body should span 50 lines or less excluding comments and whitespace: currently spans 54 lines (function_body_length)
/Users/agents/Projects/nativeproof-wordly-loop-JbNA9R/ios/wordly-mobile-ios/Wordly/Features/JoinSession/SessionJoinView.swift:632:1: warning: File Length Violation: File should contain 500 lines or less: currently contains 632 (file_length)
/Users/agents/Projects/nativeproof-wordly-loop-JbNA9R/ios/wordly-mobile-ios/Wordly/Features/JoinSession/SessionJoinView.swift:3:1: warning: Type Body Length Violation: Struct body should span 300 lines or less excluding comments and whitespace: currently spans 475 lines (type_body_length)
/Users/agents/Projects/nativeproof-wordly-loop-JbNA9R/ios/wordly-mobile-ios/Wordly/Features/LiveSession/ViewModels/FloorAudioManager.swift:142:13: warning: Cyclomatic Complexity Violation: Function should have complexity 10 or less; currently complexity is 14 (cyclomatic_complexity)
/Users/agents/Projects/nativeproof-wordly-loop-JbNA9R/ios/wordly-mobile-ios/Wordly/Features/LiveSession/ViewModels/FloorAudioManager.swift:36:6: warning: Force Unwrapping Violation: Force unwrapping should be avoided (force_unwrapping)
/Users/agents/Projects/nativeproof-wordly-loop-JbNA9R/ios/wordly-mobile-ios/Wordly/Features/LiveSession/ViewModels/FloorAudioManager.swift:142:13: warning: Function Body Length Violation: Function body should span 50 lines or less excluding comments and whitespace: currently spans 53 lines (function_body_length)
/Users/agents/Projects/nativeproof-wordly-loop-JbNA9R/ios/wordly-mobile-ios/Wordly/Features/LiveSession/ViewModels/PresenterAudioManager.swift:162:13: warning: Cyclomatic Complexity Violation: Function should have complexity 10 or less; currently complexity is 13 (cyclomatic_complexity)
/Users/agents/Projects/nativeproof-wordly-loop-JbNA9R/ios/wordly-mobile-ios/Wordly/Features/LiveSession/ViewModels/PresenterAudioManager.swift:586:19: warning: Cyclomatic Complexity Violation: Function should have complexity 10 or less; currently complexity is 12 (cyclomatic_complexity)
/Users/agents/Projects/nativeproof-wordly-loop-JbNA9R/ios/wordly-mobile-ios/Wordly/Features/LiveSession/ViewModels/PresenterAudioManager.swift:632:19: warning: Cyclomatic Complexity Violation: Function should have complexity 10 or less; currently complexity is 12 (cyclomatic_complexity)
/Users/agents/Projects/nativeproof-wordly-loop-JbNA9R/ios/wordly-mobile-ios/Wordly/Features/LiveSession/ViewModels/PresenterAudioManager.swift:674:1: warning: File Length Violation: File should contain 500 lines or less: currently contains 674 (file_length)
/Users/agents/Projects/nativeproof-wordly-loop-JbNA9R/ios/wordly-mobile-ios/Wordly/Features/LiveSession/ViewModels/PresenterAudioManager.swift:162:13: warning: Function Body Length Violation: Function body should span 50 lines or less excluding comments and whitespace: currently spans 57 lines (function_body_length)
/Users/agents/Projects/nativeproof-wordly-loop-JbNA9R/ios/wordly-mobile-ios/Wordly/Features/LiveSession/ViewModels/PresenterAudioManager.swift:20:28: warning: Redundant Type Annotation Violation: Variables should not have redundant type annotation (redundant_type_annotation)
/Users/agents/Projects/nativeproof-wordly-loop-JbNA9R/ios/wordly-mobile-ios/Wordly/Features/LiveSession/ViewModels/PresenterAudioManager.swift:6:1: warning: Type Body Length Violation: Class body should span 300 lines or less excluding comments and whitespace: currently spans 453 lines (type_body_length)
/Users/agents/Projects/nativeproof-wordly-loop-JbNA9R/ios/wordly-mobile-ios/Wordly/Features/LiveSession/ViewModels/PresenterAudioManager.swift:315:33: warning: Unused Closure Parameter Violation: Unused parameter in a closure should be replaced with _ (unused_closure_parameter)
/Users/agents/Projects/nativeproof-wordly-loop-JbNA9R/ios/wordly-mobile-ios/Wordly/Features/LiveSession/ViewModels/PresenterAudioManager.swift:485:56: warning: Unused Closure Parameter Violation: Unused parameter in a closure should be replaced with _ (unused_closure_parameter)
/Users/agents/Projects/nativeproof-wordly-loop-JbNA9R/ios/wordly-mobile-ios/Wordly/Features/LiveSession/ViewModels/PresenterAudioManager.swift:572:39: warning: Unused Closure Parameter Violation: Unused parameter in a closure should be replaced with _ (unused_closure_parameter)
/Users/agents/Projects/nativeproof-wordly-loop-JbNA9R/ios/wordly-mobile-ios/Wordly/Features/LiveSession/Views/LiveSessionConfirmationModals.swift:15:5: warning: Function Body Length Violation: Function body should span 50 lines or less excluding comments and whitespace: currently spans 79 lines (function_body_length)
/Users/agents/Projects/nativeproof-wordly-loop-JbNA9R/ios/wordly-mobile-ios/Wordly/Features/LiveSession/Views/LiveSessionConfirmationModals.swift:101:5: warning: Function Parameter Count Violation: Function should have 6 parameters or less: it currently has 8 (function_parameter_count)
/Users/agents/Projects/nativeproof-wordly-loop-JbNA9R/ios/wordly-mobile-ios/Wordly/Features/LiveSession/ViewModels/LiveSessionViewModel.swift:215:13: warning: Cyclomatic Complexity Violation: Function should have complexity 10 or less; currently complexity is 13 (cyclomatic_complexity)
/Users/agents/Projects/nativeproof-wordly-loop-JbNA9R/ios/wordly-mobile-ios/Wordly/Features/LiveSession/ViewModels/LiveSessionViewModel.swift:394:14: warning: Cyclomatic Complexity Violation: Function should have complexity 10 or less; currently complexity is 13 (cyclomatic_complexity)
/Users/agents/Projects/nativeproof-wordly-loop-JbNA9R/ios/wordly-mobile-ios/Wordly/Features/LiveSession/ViewModels/LiveSessionViewModel.swift:1102:1: warning: File Length Violation: File should contain 500 lines or less: currently contains 1102 (file_length)
/Users/agents/Projects/nativeproof-wordly-loop-JbNA9R/ios/wordly-mobile-ios/Wordly/Features/LiveSession/ViewModels/LiveSessionViewModel.swift:215:13: warning: Function Body Length Violation: Function body should span 50 lines or less excluding comments and whitespace: currently spans 101 lines (function_body_length)
/Users/agents/Projects/nativeproof-wordly-loop-JbNA9R/ios/wordly-mobile-ios/Wordly/Features/LiveSession/ViewModels/LiveSessionViewModel.swift:394:14: warning: Function Body Length Violation: Function body should span 50 lines or less excluding comments and whitespace: currently spans 58 lines (function_body_length)
/Users/agents/Projects/nativeproof-wordly-loop-JbNA9R/ios/wordly-mobile-ios/Wordly/Features/LiveSession/ViewModels/LiveSessionViewModel.swift:33:20: warning: Implicit Optional Initialization Violation: Optional should be implicitly initialized without nil (implicit_optional_initialization)
/Users/agents/Projects/nativeproof-wordly-loop-JbNA9R/ios/wordly-mobile-ios/Wordly/Features/LiveSession/ViewModels/LiveSessionViewModel.swift:5:1: warning: Type Body Length Violation: Class body should span 300 lines or less excluding comments and whitespace: currently spans 760 lines (type_body_length)
/Users/agents/Projects/nativeproof-wordly-loop-JbNA9R/ios/wordly-mobile-ios/Wordly/Features/LiveSession/Views/LiveSessionDeeplinkModals.swift:11:5: warning: Function Body Length Violation: Function body should span 50 lines or less excluding comments and whitespace: currently spans 70 lines (function_body_length)
/Users/agents/Projects/nativeproof-wordly-loop-JbNA9R/ios/wordly-mobile-ios/Wordly/Features/LiveSession/ViewModels/SpeechManager.swift:305:13: warning: Cyclomatic Complexity Violation: Function should have complexity 10 or less; currently complexity is 11 (cyclomatic_complexity)
/Users/agents/Projects/nativeproof-wordly-loop-JbNA9R/ios/wordly-mobile-ios/Wordly/Features/LiveSession/ViewModels/SpeechManager.swift:610:1: warning: File Length Violation: File should contain 500 lines or less: currently contains 610 (file_length)
/Users/agents/Projects/nativeproof-wordly-loop-JbNA9R/ios/wordly-mobile-ios/Wordly/Features/LiveSession/ViewModels/SpeechManager.swift:305:13: warning: Function Body Length Violation: Function body should span 50 lines or less excluding comments and whitespace: currently spans 51 lines (function_body_length)
/Users/agents/Projects/nativeproof-wordly-loop-JbNA9R/ios/wordly-mobile-ios/Wordly/Features/LiveSession/ViewModels/SpeechManager.swift:6:1: warning: Type Body Length Violation: Class body should span 300 lines or less excluding comments and whitespace: currently spans 400 lines (type_body_length)
/Users/agents/Projects/nativeproof-wordly-loop-JbNA9R/ios/wordly-mobile-ios/Wordly/Language-Utils/Languages.swift:32:97: warning: Colon Spacing Violation: Colons should be next to the identifier when specifying a type and next to the key in dictionary literals (colon)
/Users/agents/Projects/nativeproof-wordly-loop-JbNA9R/ios/wordly-mobile-ios/Wordly/Language-Utils/Languages.swift:669:1: warning: File Length Violation: File should contain 500 lines or less: currently contains 669 (file_length)
/Users/agents/Projects/nativeproof-wordly-loop-JbNA9R/ios/wordly-mobile-ios/Wordly/Language-Utils/Languages.swift:281:13: warning: Implicit Optional Initialization Violation: Optional should be implicitly initialized without nil (implicit_optional_initialization)
/Users/agents/Projects/nativeproof-wordly-loop-JbNA9R/ios/wordly-mobile-ios/Wordly/Language-Utils/Languages.swift:501:29: warning: Syntactic Sugar Violation: Shorthand syntactic sugar should be used, i.e. [String: Int] instead of Dictionary<String, Int> (syntactic_sugar)
/Users/agents/Projects/nativeproof-wordly-loop-JbNA9R/ios/wordly-mobile-ios/Wordly/Language-Utils/Languages.swift:518:274: warning: Syntactic Sugar Violation: Shorthand syntactic sugar should be used, i.e. [String: Int] instead of Dictionary<String, Int> (syntactic_sugar)
/Users/agents/Projects/nativeproof-wordly-loop-JbNA9R/ios/wordly-mobile-ios/Wordly/Language-Utils/Languages.swift:20:1: warning: Type Body Length Violation: Class body should span 300 lines or less excluding comments and whitespace: currently spans 401 lines (type_body_length)
/Users/agents/Projects/nativeproof-wordly-loop-JbNA9R/ios/wordly-mobile-ios/Wordly/Features/LiveSession/Views/LiveSessionView.swift:391:29: warning: Closure End Indentation Violation: expected 24, got 28 (closure_end_indentation)
/Users/agents/Projects/nativeproof-wordly-loop-JbNA9R/ios/wordly-mobile-ios/Wordly/Features/LiveSession/Views/LiveSessionView.swift:885:1: warning: File Length Violation: File should contain 500 lines or less: currently contains 885 (file_length)
/Users/agents/Projects/nativeproof-wordly-loop-JbNA9R/ios/wordly-mobile-ios/Wordly/Features/LiveSession/Views/LiveSessionView.swift:3:1: warning: Type Body Length Violation: Struct body should span 300 lines or less excluding comments and whitespace: currently spans 715 lines (type_body_length)
/Users/agents/Projects/nativeproof-wordly-loop-JbNA9R/ios/wordly-mobile-ios/Wordly/Network/WebSocket/Models/WSStopRequest.swift:6:5: warning: Unneeded Synthesized Initializer Violation: This memberwise initializer would be synthesized automatically - you do not need to define it (unneeded_synthesized_initializer)
/Users/agents/Projects/nativeproof-wordly-loop-JbNA9R/ios/wordly-mobile-ios/Wordly/Network/WebSocket/Models/WSFloorAudioResponse.swift:19:9: warning: Nesting Violation: Types should be nested at most 1 level deep (nesting)
/Users/agents/Projects/nativeproof-wordly-loop-JbNA9R/ios/wordly-mobile-ios/Wordly/Network/WebSocket/Models/WSSplitRequest.swift:6:5: warning: Unneeded Synthesized Initializer Violation: This memberwise initializer would be synthesized automatically - you do not need to define it (unneeded_synthesized_initializer)
/Users/agents/Projects/nativeproof-wordly-loop-JbNA9R/ios/wordly-mobile-ios/Wordly/Network/WebSocket/Models/WSSpeechResponse.swift:24:9: warning: Nesting Violation: Types should be nested at most 1 level deep (nesting)
/Users/agents/Projects/nativeproof-wordly-loop-JbNA9R/ios/wordly-mobile-ios/Wordly/Network/WebSocket/WSManager+Connection.swift:136:62: warning: Force Unwrapping Violation: Force unwrapping should be avoided (force_unwrapping)
/Users/agents/Projects/nativeproof-wordly-loop-JbNA9R/ios/wordly-mobile-ios/Wordly/Network/WebSocket/AudioCache.swift:59:9: warning: Control Statement Violation: `if`, `for`, `guard`, `switch`, `while`, and `catch` statements shouldn't unnecessarily wrap their conditionals or arguments in parentheses (control_statement)
/Users/agents/Projects/nativeproof-wordly-loop-JbNA9R/ios/wordly-mobile-ios/Wordly/Network/WebSocket/AudioCache.swift:57:14: warning: Force Unwrapping Violation: Force unwrapping should be avoided (force_unwrapping)
/Users/agents/Projects/nativeproof-wordly-loop-JbNA9R/ios/wordly-mobile-ios/Wordly/Network/WebSocket/AudioCache.swift:58:50: warning: Force Unwrapping Violation: Force unwrapping should be avoided (force_unwrapping)
/Users/agents/Projects/nativeproof-wordly-loop-JbNA9R/ios/wordly-mobile-ios/Wordly/Network/WebSocket/AudioCache.swift:59:31: warning: Force Unwrapping Violation: Force unwrapping should be avoided (force_unwrapping)
/Users/agents/Projects/nativeproof-wordly-loop-JbNA9R/ios/wordly-mobile-ios/Wordly/Network/WebSocket/AudioCache.swift:20:17: warning: Implicit Optional Initialization Violation: Optional should be implicitly initialized without nil (implicit_optional_initialization)
/Users/agents/Projects/nativeproof-wordly-loop-JbNA9R/ios/wordly-mobile-ios/Wordly/Network/WebSocket/AudioCache.swift:20:24: warning: Syntactic Sugar Violation: Shorthand syntactic sugar should be used, i.e. [Int] instead of Array<Int> (syntactic_sugar)
/Users/agents/Projects/nativeproof-wordly-loop-JbNA9R/ios/wordly-mobile-ios/Wordly/Network/WebSocket/WSManager+Retry.swift:90:5: warning: Cyclomatic Complexity Violation: Function should have complexity 10 or less; currently complexity is 16 (cyclomatic_complexity)
/Users/agents/Projects/nativeproof-wordly-loop-JbNA9R/ios/wordly-mobile-ios/Wordly/Network/WebSocket/WSManager+Retry.swift:90:5: warning: Function Body Length Violation: Function body should span 50 lines or less excluding comments and whitespace: currently spans 65 lines (function_body_length)
/Users/agents/Projects/nativeproof-wordly-loop-JbNA9R/ios/wordly-mobile-ios/Wordly/Network/WebSocket/Services/WSConnectService.swift:14:5: warning: Function Parameter Count Violation: Function should have 6 parameters or less: it currently has 7 (function_parameter_count)
/Users/agents/Projects/nativeproof-wordly-loop-JbNA9R/ios/wordly-mobile-ios/Wordly/Network/WebSocket/Services/WSConnectService.swift:42:5: warning: Function Parameter Count Violation: Function should have 6 parameters or less: it currently has 7 (function_parameter_count)
/Users/agents/Projects/nativeproof-wordly-loop-JbNA9R/ios/wordly-mobile-ios/Wordly/Network/WebSocket/WSManager.swift:355:5: warning: Cyclomatic Complexity Violation: Function should have complexity 10 or less; currently complexity is 20 (cyclomatic_complexity)
/Users/agents/Projects/nativeproof-wordly-loop-JbNA9R/ios/wordly-mobile-ios/Wordly/Network/WebSocket/WSManager.swift:595:1: warning: File Length Violation: File should contain 500 lines or less: currently contains 595 (file_length)
/Users/agents/Projects/nativeproof-wordly-loop-JbNA9R/ios/wordly-mobile-ios/Wordly/Network/WebSocket/WSManager.swift:201:55: warning: Force Unwrapping Violation: Force unwrapping should be avoided (force_unwrapping)
/Users/agents/Projects/nativeproof-wordly-loop-JbNA9R/ios/wordly-mobile-ios/Wordly/Network/WebSocket/WSManager.swift:211:56: warning: Force Unwrapping Violation: Force unwrapping should be avoided (force_unwrapping)
/Users/agents/Projects/nativeproof-wordly-loop-JbNA9R/ios/wordly-mobile-ios/Wordly/Network/WebSocket/WSManager.swift:355:5: warning: Function Body Length Violation: Function body should span 50 lines or less excluding comments and whitespace: currently spans 76 lines (function_body_length)
/Users/agents/Projects/nativeproof-wordly-loop-JbNA9R/ios/wordly-mobile-ios/Wordly/Network/WebSocket/WSManager.swift:5:7: warning: Type Body Length Violation: Class body should span 300 lines or less excluding comments and whitespace: currently spans 417 lines (type_body_length)
/Users/agents/Projects/nativeproof-wordly-loop-JbNA9R/ios/wordly-mobile-ios/Wordly/Shared/Components/CursorTrackingHelper.swift:44:50: warning: Force Unwrapping Violation: Force unwrapping should be avoided (force_unwrapping)
/Users/agents/Projects/nativeproof-wordly-loop-JbNA9R/ios/wordly-mobile-ios/Wordly/Shared/Components/CursorTrackingHelper.swift:27:114: warning: Unused Closure Parameter Violation: Unused parameter in a closure should be replaced with _ (unused_closure_parameter)
/Users/agents/Projects/nativeproof-wordly-loop-JbNA9R/ios/wordly-mobile-ios/Wordly/Shared/Components/WebView.swift:76:66: warning: Implicitly Unwrapped Optional Violation: Implicitly unwrapped optionals should be avoided when possible (implicitly_unwrapped_optional)
/Users/agents/Projects/nativeproof-wordly-loop-JbNA9R/ios/wordly-mobile-ios/Wordly/Shared/Components/WordlyLiveSessionMessageBubble.swift:155:17: warning: Colon Spacing Violation: Colons should be next to the identifier when specifying a type and next to the key in dictionary literals (colon)
/Users/agents/Projects/nativeproof-wordly-loop-JbNA9R/ios/wordly-mobile-ios/Wordly/Shared/Components/WordlyScrollToBottomButton.swift:1:1: warning: Leading Whitespace Violation: Files should not contain leading whitespace (leading_whitespace)
/Users/agents/Projects/nativeproof-wordly-loop-JbNA9R/ios/wordly-mobile-ios/Wordly/Utilities/AttendeeManager.swift:12:64: warning: Force Unwrapping Violation: Force unwrapping should be avoided (force_unwrapping)
/Users/agents/Projects/nativeproof-wordly-loop-JbNA9R/ios/wordly-mobile-ios/Wordly/Shared/Components/WordlySonner.swift:291:59: warning: Force Unwrapping Violation: Force unwrapping should be avoided (force_unwrapping)
/Users/agents/Projects/nativeproof-wordly-loop-JbNA9R/ios/wordly-mobile-ios/Wordly/Utilities/ForceUpdateManager.swift:22:53: warning: Unused Closure Parameter Violation: Unused parameter in a closure should be replaced with _ (unused_closure_parameter)
/Users/agents/Projects/nativeproof-wordly-loop-JbNA9R/ios/wordly-mobile-ios/Wordly/AppDelegate.swift:14:98: warning: Colon Spacing Violation: Colons should be next to the identifier when specifying a type and next to the key in dictionary literals (colon)
/Users/agents/Projects/nativeproof-wordly-loop-JbNA9R/ios/wordly-mobile-ios/Wordly/Utilities/NetworkConnectivityManager.swift:79:73: warning: Unused Closure Parameter Violation: Unused parameter in a closure should be replaced with _ (unused_closure_parameter)
/Users/agents/Projects/nativeproof-wordly-loop-JbNA9R/ios/wordly-mobile-ios/Wordly/Utilities/AudioManager.swift:355:19: warning: Cyclomatic Complexity Violation: Function should have complexity 10 or less; currently complexity is 12 (cyclomatic_complexity)
/Users/agents/Projects/nativeproof-wordly-loop-JbNA9R/ios/wordly-mobile-ios/Wordly/Utilities/AudioManager.swift:6:1: warning: Type Body Length Violation: Class body should span 300 lines or less excluding comments and whitespace: currently spans 312 lines (type_body_length)
/Users/agents/Projects/nativeproof-wordly-loop-JbNA9R/.nativeproof/ios/DerivedData/Build/Intermediates.noindex/Wordly.build/Debug-iphonesimulator/Wordly.build/DerivedSources/GeneratedAssetSymbols.swift:985:14: warning: The "Primary" color asset name resolves to a conflicting Color symbol "primary". Try renaming the asset.
    #warning("The \"Primary\" color asset name resolves to a conflicting Color symbol \"primary\". Try renaming the asset.")
             ^~~~~~~~~~~~~~~~~~~~~~~~~~~~~~~~~~~~~~~~~~~~~~~~~~~~~~~~~~~~~~~~~~~~~~~~~~~~~~~~~~~~~~~~~~~~~~~~~~~~~~~~~~~~~~
/Users/agents/Projects/nativeproof-wordly-loop-JbNA9R/.nativeproof/ios/DerivedData/Build/Intermediates.noindex/Wordly.build/Debug-iphonesimulator/Wordly.build/DerivedSources/GeneratedAssetSymbols.swift:985:14: warning: The "Primary" color asset name resolves to a conflicting Color symbol "primary". Try renaming the asset.
    #warning("The \"Primary\" color asset name resolves to a conflicting Color symbol \"primary\". Try renaming the asset.")
             ^~~~~~~~~~~~~~~~~~~~~~~~~~~~~~~~~~~~~~~~~~~~~~~~~~~~~~~~~~~~~~~~~~~~~~~~~~~~~~~~~~~~~~~~~~~~~~~~~~~~~~~~~~~~~~
/Users/agents/Projects/nativeproof-wordly-loop-JbNA9R/.nativeproof/ios/DerivedData/Build/Intermediates.noindex/Wordly.build/Debug-iphonesimulator/Wordly.build/DerivedSources/GeneratedAssetSymbols.swift:985:14: warning: The "Primary" color asset name resolves to a conflicting Color symbol "primary". Try renaming the asset.
    #warning("The \"Primary\" color asset name resolves to a conflicting Color symbol \"primary\". Try renaming the asset.")
             ^~~~~~~~~~~~~~~~~~~~~~~~~~~~~~~~~~~~~~~~~~~~~~~~~~~~~~~~~~~~~~~~~~~~~~~~~~~~~~~~~~~~~~~~~~~~~~~~~~~~~~~~~~~~~~ (in target 'Wordly' from project 'Wordly')
/Users/agents/Projects/nativeproof-wordly-loop-JbNA9R/.nativeproof/ios/DerivedData/Build/Intermediates.noindex/Wordly.build/Debug-iphonesimulator/Wordly.build/DerivedSources/GeneratedAssetSymbols.swift:985:14: warning: The "Primary" color asset name resolves to a conflicting Color symbol "primary". Try renaming the asset.
    #warning("The \"Primary\" color asset name resolves to a conflicting Color symbol \"primary\". Try renaming the asset.")
             ^~~~~~~~~~~~~~~~~~~~~~~~~~~~~~~~~~~~~~~~~~~~~~~~~~~~~~~~~~~~~~~~~~~~~~~~~~~~~~~~~~~~~~~~~~~~~~~~~~~~~~~~~~~~~~ (in target 'Wordly' from project 'Wordly')
/Users/agents/Projects/nativeproof-wordly-loop-JbNA9R/.nativeproof/ios/DerivedData/Build/Intermediates.noindex/Wordly.build/Debug-iphonesimulator/Wordly.build/DerivedSources/GeneratedAssetSymbols.swift:985:14: warning: The "Primary" color asset name resolves to a conflicting Color symbol "primary". Try renaming the asset.
    #warning("The \"Primary\" color asset name resolves to a conflicting Color symbol \"primary\". Try renaming the asset.")
             ^~~~~~~~~~~~~~~~~~~~~~~~~~~~~~~~~~~~~~~~~~~~~~~~~~~~~~~~~~~~~~~~~~~~~~~~~~~~~~~~~~~~~~~~~~~~~~~~~~~~~~~~~~~~~~
/Users/agents/Projects/nativeproof-wordly-loop-JbNA9R/ios/wordly-mobile-ios/Wordly/Shared/Components/WordlyCheckbox.swift:100:6: warning: previewLayout is ignored in a #Preview macro. Use the `traits` argument of the macro to provide the desired layout, e.g. `.sizeThatFitsLayout. (from macro 'Preview')
    .previewLayout(.sizeThatFits)
     ^
/Users/agents/Projects/nativeproof-wordly-loop-JbNA9R/ios/wordly-mobile-ios/Wordly/Shared/Components/WordlyTextField.swift:184:6: warning: previewLayout is ignored in a #Preview macro. Use the `traits` argument of the macro to provide the desired layout, e.g. `.sizeThatFitsLayout. (from macro 'Preview')
    .previewLayout(.sizeThatFits)
     ^
/Users/agents/Projects/nativeproof-wordly-loop-JbNA9R/ios/wordly-mobile-ios/Wordly/Shared/Components/WordlyTextField.swift:186:6: warning: previewDisplayName is ignored in a #Preview macro. Provide the name to the macro initializer, e.g. `#Preview("preview name")` (from macro 'Preview')
    .previewDisplayName("Light Mode")
     ^
/Users/agents/Projects/nativeproof-wordly-loop-JbNA9R/ios/wordly-mobile-ios/Wordly/Shared/Components/WordlyTextField.swift:218:6: warning: previewLayout is ignored in a #Preview macro. Use the `traits` argument of the macro to provide the desired layout, e.g. `.sizeThatFitsLayout. (from macro 'Preview')
    .previewLayout(.sizeThatFits)
     ^
/Users/agents/Projects/nativeproof-wordly-loop-JbNA9R/ios/wordly-mobile-ios/Wordly/Shared/Components/WordlyTextField.swift:220:6: warning: previewDisplayName is ignored in a #Preview macro. Provide the name to the macro initializer, e.g. `#Preview("preview name")` (from macro 'Preview')
    .previewDisplayName("Dark Mode")
     ^
/Users/agents/Projects/nativeproof-wordly-loop-JbNA9R/.nativeproof/ios/DerivedData/Build/Intermediates.noindex/Wordly.build/Debug-iphonesimulator/Wordly.build/DerivedSources/GeneratedAssetSymbols.swift:985:14: warning: The "Primary" color asset name resolves to a conflicting Color symbol "primary". Try renaming the asset.
    #warning("The \"Primary\" color asset name resolves to a conflicting Color symbol \"primary\". Try renaming the asset.")
             ^~~~~~~~~~~~~~~~~~~~~~~~~~~~~~~~~~~~~~~~~~~~~~~~~~~~~~~~~~~~~~~~~~~~~~~~~~~~~~~~~~~~~~~~~~~~~~~~~~~~~~~~~~~~~~
/Users/agents/Projects/nativeproof-wordly-loop-JbNA9R/ios/wordly-mobile-ios/Wordly/Shared/Components/WordlyCheckbox.swift:100:6: warning: previewLayout is ignored in a #Preview macro. Use the `traits` argument of the macro to provide the desired layout, e.g. `.sizeThatFitsLayout. (from macro 'Preview')
    .previewLayout(.sizeThatFits)
     ^
/Users/agents/Projects/nativeproof-wordly-loop-JbNA9R/ios/wordly-mobile-ios/Wordly/Shared/Components/WordlyTextField.swift:184:6: warning: previewLayout is ignored in a #Preview macro. Use the `traits` argument of the macro to provide the desired layout, e.g. `.sizeThatFitsLayout. (from macro 'Preview')
    .previewLayout(.sizeThatFits)
     ^
/Users/agents/Projects/nativeproof-wordly-loop-JbNA9R/ios/wordly-mobile-ios/Wordly/Shared/Components/WordlyTextField.swift:186:6: warning: previewDisplayName is ignored in a #Preview macro. Provide the name to the macro initializer, e.g. `#Preview("preview name")` (from macro 'Preview')
    .previewDisplayName("Light Mode")
     ^
/Users/agents/Projects/nativeproof-wordly-loop-JbNA9R/ios/wordly-mobile-ios/Wordly/Shared/Components/WordlyTextField.swift:218:6: warning: previewLayout is ignored in a #Preview macro. Use the `traits` argument of the macro to provide the desired layout, e.g. `.sizeThatFitsLayout. (from macro 'Preview')
    .previewLayout(.sizeThatFits)
     ^
/Users/agents/Projects/nativeproof-wordly-loop-JbNA9R/ios/wordly-mobile-ios/Wordly/Shared/Components/WordlyTextField.swift:220:6: warning: previewDisplayName is ignored in a #Preview macro. Provide the name to the macro initializer, e.g. `#Preview("preview name")` (from macro 'Preview')
    .previewDisplayName("Dark Mode")
     ^
/Users/agents/Projects/nativeproof-wordly-loop-JbNA9R/ios/wordly-mobile-ios/Wordly/Utilities/AudioManager.swift:34:101: warning: 'allowBluetooth' was deprecated in iOS 8.0: renamed to 'AVAudioSession.CategoryOptions.allowBluetoothHFP'
            try audioSession.setCategory(.playAndRecord, mode: .default, options: [.mixWithOthers, .allowBluetooth, .allowBluetoothA2DP, .defaultToSpeaker])
                                                                                                    ^
/Users/agents/Projects/nativeproof-wordly-loop-JbNA9R/ios/wordly-mobile-ios/Wordly/Utilities/AudioManager.swift:34:101: note: use 'AVAudioSession.CategoryOptions.allowBluetoothHFP' instead
            try audioSession.setCategory(.playAndRecord, mode: .default, options: [.mixWithOthers, .allowBluetooth, .allowBluetoothA2DP, .defaultToSpeaker])
                                                                                                    ^~~~~~~~~~~~~~
                                                                                                    AVAudioSession.CategoryOptions.allowBluetoothHFP
/Users/agents/Projects/nativeproof-wordly-loop-JbNA9R/ios/wordly-mobile-ios/Wordly/Utilities/AudioManager.swift:176:101: warning: 'allowBluetooth' was deprecated in iOS 8.0: renamed to 'AVAudioSession.CategoryOptions.allowBluetoothHFP'
            try audioSession.setCategory(.playAndRecord, mode: .default, options: [.mixWithOthers, .allowBluetooth, .allowBluetoothA2DP, .defaultToSpeaker])
                                                                                                    ^
/Users/agents/Projects/nativeproof-wordly-loop-JbNA9R/ios/wordly-mobile-ios/Wordly/Utilities/AudioManager.swift:176:101: note: use 'AVAudioSession.CategoryOptions.allowBluetoothHFP' instead
            try audioSession.setCategory(.playAndRecord, mode: .default, options: [.mixWithOthers, .allowBluetooth, .allowBluetoothA2DP, .defaultToSpeaker])
                                                                                                    ^~~~~~~~~~~~~~
                                                                                                    AVAudioSession.CategoryOptions.allowBluetoothHFP
/Users/agents/Projects/nativeproof-wordly-loop-JbNA9R/ios/wordly-mobile-ios/Wordly/Utilities/AudioManager.swift:374:20: warning: immutable value 'phraseId' was never used; consider replacing with '_' or removing it
            if let phraseId = interruptedPhraseId, let handler = audioCompletionHandler, isPlaying == false {
               ~~~~^~~~~~~~
               _
/Users/agents/Projects/nativeproof-wordly-loop-JbNA9R/ios/wordly-mobile-ios/Wordly/Utilities/AudioManager.swift:374:56: warning: immutable value 'handler' was never used; consider replacing with '_' or removing it
            if let phraseId = interruptedPhraseId, let handler = audioCompletionHandler, isPlaying == false {
                                                   ~~~~^~~~~~~
                                                   _
/Users/agents/Projects/nativeproof-wordly-loop-JbNA9R/.nativeproof/ios/DerivedData/Build/Intermediates.noindex/Wordly.build/Debug-iphonesimulator/Wordly.build/DerivedSources/GeneratedAssetSymbols.swift:985:14: warning: The "Primary" color asset name resolves to a conflicting Color symbol "primary". Try renaming the asset.
    #warning("The \"Primary\" color asset name resolves to a conflicting Color symbol \"primary\". Try renaming the asset.")
             ^~~~~~~~~~~~~~~~~~~~~~~~~~~~~~~~~~~~~~~~~~~~~~~~~~~~~~~~~~~~~~~~~~~~~~~~~~~~~~~~~~~~~~~~~~~~~~~~~~~~~~~~~~~~~~
/Users/agents/Projects/nativeproof-wordly-loop-JbNA9R/ios/wordly-mobile-ios/Wordly/Shared/Components/WordlyCheckbox.swift:100:6: warning: previewLayout is ignored in a #Preview macro. Use the `traits` argument of the macro to provide the desired layout, e.g. `.sizeThatFitsLayout. (from macro 'Preview')
    .previewLayout(.sizeThatFits)
     ^
/Users/agents/Projects/nativeproof-wordly-loop-JbNA9R/ios/wordly-mobile-ios/Wordly/Shared/Components/WordlyTextField.swift:184:6: warning: previewLayout is ignored in a #Preview macro. Use the `traits` argument of the macro to provide the desired layout, e.g. `.sizeThatFitsLayout. (from macro 'Preview')
    .previewLayout(.sizeThatFits)
     ^
/Users/agents/Projects/nativeproof-wordly-loop-JbNA9R/ios/wordly-mobile-ios/Wordly/Shared/Components/WordlyTextField.swift:186:6: warning: previewDisplayName is ignored in a #Preview macro. Provide the name to the macro initializer, e.g. `#Preview("preview name")` (from macro 'Preview')
    .previewDisplayName("Light Mode")
     ^
/Users/agents/Projects/nativeproof-wordly-loop-JbNA9R/ios/wordly-mobile-ios/Wordly/Shared/Components/WordlyTextField.swift:218:6: warning: previewLayout is ignored in a #Preview macro. Use the `traits` argument of the macro to provide the desired layout, e.g. `.sizeThatFitsLayout. (from macro 'Preview')
    .previewLayout(.sizeThatFits)
     ^
/Users/agents/Projects/nativeproof-wordly-loop-JbNA9R/ios/wordly-mobile-ios/Wordly/Shared/Components/WordlyTextField.swift:220:6: warning: previewDisplayName is ignored in a #Preview macro. Provide the name to the macro initializer, e.g. `#Preview("preview name")` (from macro 'Preview')
    .previewDisplayName("Dark Mode")
     ^
/Users/agents/Projects/nativeproof-wordly-loop-JbNA9R/.nativeproof/ios/DerivedData/Build/Intermediates.noindex/Wordly.build/Debug-iphonesimulator/Wordly.build/DerivedSources/GeneratedAssetSymbols.swift:985:14: warning: The "Primary" color asset name resolves to a conflicting Color symbol "primary". Try renaming the asset.
    #warning("The \"Primary\" color asset name resolves to a conflicting Color symbol \"primary\". Try renaming the asset.")
             ^~~~~~~~~~~~~~~~~~~~~~~~~~~~~~~~~~~~~~~~~~~~~~~~~~~~~~~~~~~~~~~~~~~~~~~~~~~~~~~~~~~~~~~~~~~~~~~~~~~~~~~~~~~~~~
/Users/agents/Projects/nativeproof-wordly-loop-JbNA9R/ios/wordly-mobile-ios/Wordly/Shared/Components/WordlyTextField.swift:184:6: warning: previewLayout is ignored in a #Preview macro. Use the `traits` argument of the macro to provide the desired layout, e.g. `.sizeThatFitsLayout. (from macro 'Preview')
    .previewLayout(.sizeThatFits)
     ^
/Users/agents/Projects/nativeproof-wordly-loop-JbNA9R/ios/wordly-mobile-ios/Wordly/Shared/Components/WordlyTextField.swift:186:6: warning: previewDisplayName is ignored in a #Preview macro. Provide the name to the macro initializer, e.g. `#Preview("preview name")` (from macro 'Preview')
    .previewDisplayName("Light Mode")
     ^
/Users/agents/Projects/nativeproof-wordly-loop-JbNA9R/ios/wordly-mobile-ios/Wordly/Shared/Components/WordlyTextField.swift:218:6: warning: previewLayout is ignored in a #Preview macro. Use the `traits` argument of the macro to provide the desired layout, e.g. `.sizeThatFitsLayout. (from macro 'Preview')
    .previewLayout(.sizeThatFits)
     ^
/Users/agents/Projects/nativeproof-wordly-loop-JbNA9R/ios/wordly-mobile-ios/Wordly/Shared/Components/WordlyTextField.swift:220:6: warning: previewDisplayName is ignored in a #Preview macro. Provide the name to the macro initializer, e.g. `#Preview("preview name")` (from macro 'Preview')
    .previewDisplayName("Dark Mode")
     ^
/Users/agents/Projects/nativeproof-wordly-loop-JbNA9R/ios/wordly-mobile-ios/Wordly/Shared/Components/WordlyCheckbox.swift:100:6: warning: previewLayout is ignored in a #Preview macro. Use the `traits` argument of the macro to provide the desired layout, e.g. `.sizeThatFitsLayout. (from macro 'Preview')
    .previewLayout(.sizeThatFits)
     ^
/Users/agents/Projects/nativeproof-wordly-loop-JbNA9R/.nativeproof/ios/DerivedData/Build/Intermediates.noindex/Wordly.build/Debug-iphonesimulator/Wordly.build/DerivedSources/GeneratedAssetSymbols.swift:985:14: warning: The "Primary" color asset name resolves to a conflicting Color symbol "primary". Try renaming the asset.
    #warning("The \"Primary\" color asset name resolves to a conflicting Color symbol \"primary\". Try renaming the asset.")
             ^~~~~~~~~~~~~~~~~~~~~~~~~~~~~~~~~~~~~~~~~~~~~~~~~~~~~~~~~~~~~~~~~~~~~~~~~~~~~~~~~~~~~~~~~~~~~~~~~~~~~~~~~~~~~~
/Users/agents/Projects/nativeproof-wordly-loop-JbNA9R/ios/wordly-mobile-ios/Wordly/Shared/Components/WordlyCheckbox.swift:100:6: warning: previewLayout is ignored in a #Preview macro. Use the `traits` argument of the macro to provide the desired layout, e.g. `.sizeThatFitsLayout. (from macro 'Preview')
    .previewLayout(.sizeThatFits)
     ^
/Users/agents/Projects/nativeproof-wordly-loop-JbNA9R/ios/wordly-mobile-ios/Wordly/Shared/Components/WordlyTextField.swift:184:6: warning: previewLayout is ignored in a #Preview macro. Use the `traits` argument of the macro to provide the desired layout, e.g. `.sizeThatFitsLayout. (from macro 'Preview')
    .previewLayout(.sizeThatFits)
     ^
/Users/agents/Projects/nativeproof-wordly-loop-JbNA9R/ios/wordly-mobile-ios/Wordly/Shared/Components/WordlyTextField.swift:186:6: warning: previewDisplayName is ignored in a #Preview macro. Provide the name to the macro initializer, e.g. `#Preview("preview name")` (from macro 'Preview')
    .previewDisplayName("Light Mode")
     ^
/Users/agents/Projects/nativeproof-wordly-loop-JbNA9R/ios/wordly-mobile-ios/Wordly/Shared/Components/WordlyTextField.swift:218:6: warning: previewLayout is ignored in a #Preview macro. Use the `traits` argument of the macro to provide the desired layout, e.g. `.sizeThatFitsLayout. (from macro 'Preview')
    .previewLayout(.sizeThatFits)
     ^
/Users/agents/Projects/nativeproof-wordly-loop-JbNA9R/ios/wordly-mobile-ios/Wordly/Shared/Components/WordlyTextField.swift:220:6: warning: previewDisplayName is ignored in a #Preview macro. Provide the name to the macro initializer, e.g. `#Preview("preview name")` (from macro 'Preview')
    .previewDisplayName("Dark Mode")
     ^
/Users/agents/Projects/nativeproof-wordly-loop-JbNA9R/ios/wordly-mobile-ios/Wordly/Features/JoinSession/SessionJoinView.swift:74:13: warning: variable 'lastAlphabetIndex' was written to, but never read
        var lastAlphabetIndex = -1
            ^
/Users/agents/Projects/nativeproof-wordly-loop-JbNA9R/ios/wordly-mobile-ios/Wordly/Features/LiveSession/ViewModels/PresenterAudioManager.swift:340:101: warning: 'allowBluetooth' was deprecated in iOS 8.0: renamed to 'AVAudioSession.CategoryOptions.allowBluetoothHFP'
            try audioSession.setCategory(.playAndRecord, mode: .default, options: [.mixWithOthers, .allowBluetooth, .allowBluetoothA2DP, .defaultToSpeaker])
                                                                                                    ^
/Users/agents/Projects/nativeproof-wordly-loop-JbNA9R/ios/wordly-mobile-ios/Wordly/Features/LiveSession/ViewModels/PresenterAudioManager.swift:340:101: note: use 'AVAudioSession.CategoryOptions.allowBluetoothHFP' instead
            try audioSession.setCategory(.playAndRecord, mode: .default, options: [.mixWithOthers, .allowBluetooth, .allowBluetoothA2DP, .defaultToSpeaker])
                                                                                                    ^~~~~~~~~~~~~~
                                                                                                    AVAudioSession.CategoryOptions.allowBluetoothHFP
/Users/agents/Projects/nativeproof-wordly-loop-JbNA9R/ios/wordly-mobile-ios/Wordly/Features/LiveSession/ViewModels/PresenterAudioManager.swift:401:71: warning: variable 'self' was written to, but never read
        DispatchQueue.main.asyncAfter(deadline: .now() + 0.1) { [weak self] in
                                                                      ^
/Users/agents/Projects/nativeproof-wordly-loop-JbNA9R/.nativeproof/ios/DerivedData/Build/Intermediates.noindex/Wordly.build/Debug-iphonesimulator/Wordly.build/DerivedSources/GeneratedAssetSymbols.swift:985:14: warning: The "Primary" color asset name resolves to a conflicting Color symbol "primary". Try renaming the asset.
    #warning("The \"Primary\" color asset name resolves to a conflicting Color symbol \"primary\". Try renaming the asset.")
             ^~~~~~~~~~~~~~~~~~~~~~~~~~~~~~~~~~~~~~~~~~~~~~~~~~~~~~~~~~~~~~~~~~~~~~~~~~~~~~~~~~~~~~~~~~~~~~~~~~~~~~~~~~~~~~
/Users/agents/Projects/nativeproof-wordly-loop-JbNA9R/ios/wordly-mobile-ios/Wordly/Shared/Components/WordlyCheckbox.swift:100:6: warning: previewLayout is ignored in a #Preview macro. Use the `traits` argument of the macro to provide the desired layout, e.g. `.sizeThatFitsLayout. (from macro 'Preview')
    .previewLayout(.sizeThatFits)
     ^
/Users/agents/Projects/nativeproof-wordly-loop-JbNA9R/ios/wordly-mobile-ios/Wordly/Shared/Components/WordlyTextField.swift:184:6: warning: previewLayout is ignored in a #Preview macro. Use the `traits` argument of the macro to provide the desired layout, e.g. `.sizeThatFitsLayout. (from macro 'Preview')
    .previewLayout(.sizeThatFits)
     ^
/Users/agents/Projects/nativeproof-wordly-loop-JbNA9R/ios/wordly-mobile-ios/Wordly/Shared/Components/WordlyTextField.swift:186:6: warning: previewDisplayName is ignored in a #Preview macro. Provide the name to the macro initializer, e.g. `#Preview("preview name")` (from macro 'Preview')
    .previewDisplayName("Light Mode")
     ^
/Users/agents/Projects/nativeproof-wordly-loop-JbNA9R/ios/wordly-mobile-ios/Wordly/Shared/Components/WordlyTextField.swift:218:6: warning: previewLayout is ignored in a #Preview macro. Use the `traits` argument of the macro to provide the desired layout, e.g. `.sizeThatFitsLayout. (from macro 'Preview')
    .previewLayout(.sizeThatFits)
     ^
/Users/agents/Projects/nativeproof-wordly-loop-JbNA9R/ios/wordly-mobile-ios/Wordly/Shared/Components/WordlyTextField.swift:220:6: warning: previewDisplayName is ignored in a #Preview macro. Provide the name to the macro initializer, e.g. `#Preview("preview name")` (from macro 'Preview')
    .previewDisplayName("Dark Mode")
     ^
/Users/agents/Projects/nativeproof-wordly-loop-JbNA9R/.nativeproof/ios/DerivedData/Build/Intermediates.noindex/Wordly.build/Debug-iphonesimulator/Wordly.build/DerivedSources/GeneratedAssetSymbols.swift:985:14: warning: The "Primary" color asset name resolves to a conflicting Color symbol "primary". Try renaming the asset.
    #warning("The \"Primary\" color asset name resolves to a conflicting Color symbol \"primary\". Try renaming the asset.")
             ^~~~~~~~~~~~~~~~~~~~~~~~~~~~~~~~~~~~~~~~~~~~~~~~~~~~~~~~~~~~~~~~~~~~~~~~~~~~~~~~~~~~~~~~~~~~~~~~~~~~~~~~~~~~~~
/Users/agents/Projects/nativeproof-wordly-loop-JbNA9R/ios/wordly-mobile-ios/Wordly/Shared/Components/WordlyCheckbox.swift:100:6: warning: previewLayout is ignored in a #Preview macro. Use the `traits` argument of the macro to provide the desired layout, e.g. `.sizeThatFitsLayout. (from macro 'Preview')
    .previewLayout(.sizeThatFits)
     ^
/Users/agents/Projects/nativeproof-wordly-loop-JbNA9R/ios/wordly-mobile-ios/Wordly/Shared/Components/WordlyTextField.swift:184:6: warning: previewLayout is ignored in a #Preview macro. Use the `traits` argument of the macro to provide the desired layout, e.g. `.sizeThatFitsLayout. (from macro 'Preview')
    .previewLayout(.sizeThatFits)
     ^
/Users/agents/Projects/nativeproof-wordly-loop-JbNA9R/ios/wordly-mobile-ios/Wordly/Shared/Components/WordlyTextField.swift:186:6: warning: previewDisplayName is ignored in a #Preview macro. Provide the name to the macro initializer, e.g. `#Preview("preview name")` (from macro 'Preview')
    .previewDisplayName("Light Mode")
     ^
/Users/agents/Projects/nativeproof-wordly-loop-JbNA9R/ios/wordly-mobile-ios/Wordly/Shared/Components/WordlyTextField.swift:218:6: warning: previewLayout is ignored in a #Preview macro. Use the `traits` argument of the macro to provide the desired layout, e.g. `.sizeThatFitsLayout. (from macro 'Preview')
    .previewLayout(.sizeThatFits)
     ^
/Users/agents/Projects/nativeproof-wordly-loop-JbNA9R/ios/wordly-mobile-ios/Wordly/Shared/Components/WordlyTextField.swift:220:6: warning: previewDisplayName is ignored in a #Preview macro. Provide the name to the macro initializer, e.g. `#Preview("preview name")` (from macro 'Preview')
    .previewDisplayName("Dark Mode")
     ^
/Users/agents/Projects/nativeproof-wordly-loop-JbNA9R/.nativeproof/ios/DerivedData/Build/Intermediates.noindex/Wordly.build/Debug-iphonesimulator/Wordly.build/DerivedSources/GeneratedAssetSymbols.swift:985:14: warning: The "Primary" color asset name resolves to a conflicting Color symbol "primary". Try renaming the asset.
    #warning("The \"Primary\" color asset name resolves to a conflicting Color symbol \"primary\". Try renaming the asset.")
             ^~~~~~~~~~~~~~~~~~~~~~~~~~~~~~~~~~~~~~~~~~~~~~~~~~~~~~~~~~~~~~~~~~~~~~~~~~~~~~~~~~~~~~~~~~~~~~~~~~~~~~~~~~~~~~
/Users/agents/Projects/nativeproof-wordly-loop-JbNA9R/ios/wordly-mobile-ios/Wordly/Shared/Components/WordlyCheckbox.swift:100:6: warning: previewLayout is ignored in a #Preview macro. Use the `traits` argument of the macro to provide the desired layout, e.g. `.sizeThatFitsLayout. (from macro 'Preview')
    .previewLayout(.sizeThatFits)
     ^
/Users/agents/Projects/nativeproof-wordly-loop-JbNA9R/ios/wordly-mobile-ios/Wordly/Shared/Components/WordlyTextField.swift:184:6: warning: previewLayout is ignored in a #Preview macro. Use the `traits` argument of the macro to provide the desired layout, e.g. `.sizeThatFitsLayout. (from macro 'Preview')
    .previewLayout(.sizeThatFits)
     ^
/Users/agents/Projects/nativeproof-wordly-loop-JbNA9R/ios/wordly-mobile-ios/Wordly/Shared/Components/WordlyTextField.swift:186:6: warning: previewDisplayName is ignored in a #Preview macro. Provide the name to the macro initializer, e.g. `#Preview("preview name")` (from macro 'Preview')
    .previewDisplayName("Light Mode")
     ^
/Users/agents/Projects/nativeproof-wordly-loop-JbNA9R/ios/wordly-mobile-ios/Wordly/Shared/Components/WordlyTextField.swift:218:6: warning: previewLayout is ignored in a #Preview macro. Use the `traits` argument of the macro to provide the desired layout, e.g. `.sizeThatFitsLayout. (from macro 'Preview')
    .previewLayout(.sizeThatFits)
     ^
/Users/agents/Projects/nativeproof-wordly-loop-JbNA9R/ios/wordly-mobile-ios/Wordly/Shared/Components/WordlyTextField.swift:220:6: warning: previewDisplayName is ignored in a #Preview macro. Provide the name to the macro initializer, e.g. `#Preview("preview name")` (from macro 'Preview')
    .previewDisplayName("Dark Mode")
     ^
/Users/agents/Projects/nativeproof-wordly-loop-JbNA9R/.nativeproof/ios/DerivedData/Build/Intermediates.noindex/Wordly.build/Debug-iphonesimulator/Wordly.build/DerivedSources/GeneratedAssetSymbols.swift:985:14: warning: The "Primary" color asset name resolves to a conflicting Color symbol "primary". Try renaming the asset.
    #warning("The \"Primary\" color asset name resolves to a conflicting Color symbol \"primary\". Try renaming the asset.")
             ^~~~~~~~~~~~~~~~~~~~~~~~~~~~~~~~~~~~~~~~~~~~~~~~~~~~~~~~~~~~~~~~~~~~~~~~~~~~~~~~~~~~~~~~~~~~~~~~~~~~~~~~~~~~~~
/Users/agents/Projects/nativeproof-wordly-loop-JbNA9R/ios/wordly-mobile-ios/Wordly/Shared/Components/WordlyCheckbox.swift:100:6: warning: previewLayout is ignored in a #Preview macro. Use the `traits` argument of the macro to provide the desired layout, e.g. `.sizeThatFitsLayout. (from macro 'Preview')
    .previewLayout(.sizeThatFits)
     ^
/Users/agents/Projects/nativeproof-wordly-loop-JbNA9R/ios/wordly-mobile-ios/Wordly/Shared/Components/WordlyTextField.swift:184:6: warning: previewLayout is ignored in a #Preview macro. Use the `traits` argument of the macro to provide the desired layout, e.g. `.sizeThatFitsLayout. (from macro 'Preview')
    .previewLayout(.sizeThatFits)
     ^
/Users/agents/Projects/nativeproof-wordly-loop-JbNA9R/ios/wordly-mobile-ios/Wordly/Shared/Components/WordlyTextField.swift:186:6: warning: previewDisplayName is ignored in a #Preview macro. Provide the name to the macro initializer, e.g. `#Preview("preview name")` (from macro 'Preview')
    .previewDisplayName("Light Mode")
     ^
/Users/agents/Projects/nativeproof-wordly-loop-JbNA9R/ios/wordly-mobile-ios/Wordly/Shared/Components/WordlyTextField.swift:218:6: warning: previewLayout is ignored in a #Preview macro. Use the `traits` argument of the macro to provide the desired layout, e.g. `.sizeThatFitsLayout. (from macro 'Preview')
    .previewLayout(.sizeThatFits)
     ^
/Users/agents/Projects/nativeproof-wordly-loop-JbNA9R/ios/wordly-mobile-ios/Wordly/Shared/Components/WordlyTextField.swift:220:6: warning: previewDisplayName is ignored in a #Preview macro. Provide the name to the macro initializer, e.g. `#Preview("preview name")` (from macro 'Preview')
    .previewDisplayName("Dark Mode")
     ^
/Users/agents/Projects/nativeproof-wordly-loop-JbNA9R/ios/wordly-mobile-ios/Wordly/Utilities/AudioManager.swift:34:101: warning: 'allowBluetooth' was deprecated in iOS 8.0: renamed to 'AVAudioSession.CategoryOptions.allowBluetoothHFP'
            try audioSession.setCategory(.playAndRecord, mode: .default, options: [.mixWithOthers, .allowBluetooth, .allowBluetoothA2DP, .defaultToSpeaker])
                                                                                                    ^
/Users/agents/Projects/nativeproof-wordly-loop-JbNA9R/ios/wordly-mobile-ios/Wordly/Utilities/AudioManager.swift:34:101: note: use 'AVAudioSession.CategoryOptions.allowBluetoothHFP' instead
            try audioSession.setCategory(.playAndRecord, mode: .default, options: [.mixWithOthers, .allowBluetooth, .allowBluetoothA2DP, .defaultToSpeaker])
                                                                                                    ^~~~~~~~~~~~~~
                                                                                                    AVAudioSession.CategoryOptions.allowBluetoothHFP
/Users/agents/Projects/nativeproof-wordly-loop-JbNA9R/ios/wordly-mobile-ios/Wordly/Utilities/AudioManager.swift:176:101: warning: 'allowBluetooth' was deprecated in iOS 8.0: renamed to 'AVAudioSession.CategoryOptions.allowBluetoothHFP'
            try audioSession.setCategory(.playAndRecord, mode: .default, options: [.mixWithOthers, .allowBluetooth, .allowBluetoothA2DP, .defaultToSpeaker])
                                                                                                    ^
/Users/agents/Projects/nativeproof-wordly-loop-JbNA9R/ios/wordly-mobile-ios/Wordly/Utilities/AudioManager.swift:176:101: note: use 'AVAudioSession.CategoryOptions.allowBluetoothHFP' instead
            try audioSession.setCategory(.playAndRecord, mode: .default, options: [.mixWithOthers, .allowBluetooth, .allowBluetoothA2DP, .defaultToSpeaker])
                                                                                                    ^~~~~~~~~~~~~~
                                                                                                    AVAudioSession.CategoryOptions.allowBluetoothHFP
/Users/agents/Projects/nativeproof-wordly-loop-JbNA9R/ios/wordly-mobile-ios/Wordly/Utilities/AudioManager.swift:374:20: warning: immutable value 'phraseId' was never used; consider replacing with '_' or removing it
            if let phraseId = interruptedPhraseId, let handler = audioCompletionHandler, isPlaying == false {
               ~~~~^~~~~~~~
               _
/Users/agents/Projects/nativeproof-wordly-loop-JbNA9R/ios/wordly-mobile-ios/Wordly/Utilities/AudioManager.swift:374:56: warning: immutable value 'handler' was never used; consider replacing with '_' or removing it
            if let phraseId = interruptedPhraseId, let handler = audioCompletionHandler, isPlaying == false {
                                                   ~~~~^~~~~~~
                                                   _
/Users/agents/Projects/nativeproof-wordly-loop-JbNA9R/.nativeproof/ios/DerivedData/Build/Intermediates.noindex/Wordly.build/Debug-iphonesimulator/Wordly.build/DerivedSources/GeneratedAssetSymbols.swift:985:14: warning: The "Primary" color asset name resolves to a conflicting Color symbol "primary". Try renaming the asset.
    #warning("The \"Primary\" color asset name resolves to a conflicting Color symbol \"primary\". Try renaming the asset.")
             ^~~~~~~~~~~~~~~~~~~~~~~~~~~~~~~~~~~~~~~~~~~~~~~~~~~~~~~~~~~~~~~~~~~~~~~~~~~~~~~~~~~~~~~~~~~~~~~~~~~~~~~~~~~~~~
/Users/agents/Projects/nativeproof-wordly-loop-JbNA9R/ios/wordly-mobile-ios/Wordly/Shared/Components/WordlyTextField.swift:184:6: warning: previewLayout is ignored in a #Preview macro. Use the `traits` argument of the macro to provide the desired layout, e.g. `.sizeThatFitsLayout. (from macro 'Preview')
    .previewLayout(.sizeThatFits)
     ^
/Users/agents/Projects/nativeproof-wordly-loop-JbNA9R/ios/wordly-mobile-ios/Wordly/Shared/Components/WordlyTextField.swift:186:6: warning: previewDisplayName is ignored in a #Preview macro. Provide the name to the macro initializer, e.g. `#Preview("preview name")` (from macro 'Preview')
    .previewDisplayName("Light Mode")
     ^
/Users/agents/Projects/nativeproof-wordly-loop-JbNA9R/ios/wordly-mobile-ios/Wordly/Shared/Components/WordlyTextField.swift:218:6: warning: previewLayout is ignored in a #Preview macro. Use the `traits` argument of the macro to provide the desired layout, e.g. `.sizeThatFitsLayout. (from macro 'Preview')
    .previewLayout(.sizeThatFits)
     ^
/Users/agents/Projects/nativeproof-wordly-loop-JbNA9R/ios/wordly-mobile-ios/Wordly/Shared/Components/WordlyTextField.swift:220:6: warning: previewDisplayName is ignored in a #Preview macro. Provide the name to the macro initializer, e.g. `#Preview("preview name")` (from macro 'Preview')
    .previewDisplayName("Dark Mode")
     ^
/Users/agents/Projects/nativeproof-wordly-loop-JbNA9R/ios/wordly-mobile-ios/Wordly/Shared/Components/WordlyCheckbox.swift:100:6: warning: previewLayout is ignored in a #Preview macro. Use the `traits` argument of the macro to provide the desired layout, e.g. `.sizeThatFitsLayout. (from macro 'Preview')
    .previewLayout(.sizeThatFits)
     ^
/Users/agents/Projects/nativeproof-wordly-loop-JbNA9R/ios/wordly-mobile-ios/Wordly/Shared/Components/WordlyCheckbox.swift:100:6: warning: previewLayout is ignored in a #Preview macro. Use the `traits` argument of the macro to provide the desired layout, e.g. `.sizeThatFitsLayout. (from macro 'Preview')
    .previewLayout(.sizeThatFits)
     ^
/Users/agents/Projects/nativeproof-wordly-loop-JbNA9R/ios/wordly-mobile-ios/Wordly/Shared/Components/WordlyTextField.swift:184:6: warning: previewLayout is ignored in a #Preview macro. Use the `traits` argument of the macro to provide the desired layout, e.g. `.sizeThatFitsLayout. (from macro 'Preview')
    .previewLayout(.sizeThatFits)
     ^
/Users/agents/Projects/nativeproof-wordly-loop-JbNA9R/ios/wordly-mobile-ios/Wordly/Shared/Components/WordlyTextField.swift:186:6: warning: previewDisplayName is ignored in a #Preview macro. Provide the name to the macro initializer, e.g. `#Preview("preview name")` (from macro 'Preview')
    .previewDisplayName("Light Mode")
     ^
/Users/agents/Projects/nativeproof-wordly-loop-JbNA9R/ios/wordly-mobile-ios/Wordly/Shared/Components/WordlyTextField.swift:218:6: warning: previewLayout is ignored in a #Preview macro. Use the `traits` argument of the macro to provide the desired layout, e.g. `.sizeThatFitsLayout. (from macro 'Preview')
    .previewLayout(.sizeThatFits)
     ^
/Users/agents/Projects/nativeproof-wordly-loop-JbNA9R/ios/wordly-mobile-ios/Wordly/Shared/Components/WordlyTextField.swift:220:6: warning: previewDisplayName is ignored in a #Preview macro. Provide the name to the macro initializer, e.g. `#Preview("preview name")` (from macro 'Preview')
    .previewDisplayName("Dark Mode")
     ^
/Users/agents/Projects/nativeproof-wordly-loop-JbNA9R/.nativeproof/ios/DerivedData/Build/Intermediates.noindex/Wordly.build/Debug-iphonesimulator/Wordly.build/DerivedSources/GeneratedAssetSymbols.swift:985:14: warning: The "Primary" color asset name resolves to a conflicting Color symbol "primary". Try renaming the asset.
    #warning("The \"Primary\" color asset name resolves to a conflicting Color symbol \"primary\". Try renaming the asset.")
             ^~~~~~~~~~~~~~~~~~~~~~~~~~~~~~~~~~~~~~~~~~~~~~~~~~~~~~~~~~~~~~~~~~~~~~~~~~~~~~~~~~~~~~~~~~~~~~~~~~~~~~~~~~~~~~
/Users/agents/Projects/nativeproof-wordly-loop-JbNA9R/.nativeproof/ios/DerivedData/Build/Intermediates.noindex/Wordly.build/Debug-iphonesimulator/Wordly.build/DerivedSources/GeneratedAssetSymbols.swift:985:14: warning: The "Primary" color asset name resolves to a conflicting Color symbol "primary". Try renaming the asset.
    #warning("The \"Primary\" color asset name resolves to a conflicting Color symbol \"primary\". Try renaming the asset.")
             ^~~~~~~~~~~~~~~~~~~~~~~~~~~~~~~~~~~~~~~~~~~~~~~~~~~~~~~~~~~~~~~~~~~~~~~~~~~~~~~~~~~~~~~~~~~~~~~~~~~~~~~~~~~~~~
/Users/agents/Projects/nativeproof-wordly-loop-JbNA9R/ios/wordly-mobile-ios/Wordly/Shared/Components/WordlyCheckbox.swift:100:6: warning: previewLayout is ignored in a #Preview macro. Use the `traits` argument of the macro to provide the desired layout, e.g. `.sizeThatFitsLayout. (from macro 'Preview')
    .previewLayout(.sizeThatFits)
     ^
/Users/agents/Projects/nativeproof-wordly-loop-JbNA9R/ios/wordly-mobile-ios/Wordly/Shared/Components/WordlyTextField.swift:184:6: warning: previewLayout is ignored in a #Preview macro. Use the `traits` argument of the macro to provide the desired layout, e.g. `.sizeThatFitsLayout. (from macro 'Preview')
    .previewLayout(.sizeThatFits)
     ^
/Users/agents/Projects/nativeproof-wordly-loop-JbNA9R/ios/wordly-mobile-ios/Wordly/Shared/Components/WordlyTextField.swift:186:6: warning: previewDisplayName is ignored in a #Preview macro. Provide the name to the macro initializer, e.g. `#Preview("preview name")` (from macro 'Preview')
    .previewDisplayName("Light Mode")
     ^
/Users/agents/Projects/nativeproof-wordly-loop-JbNA9R/ios/wordly-mobile-ios/Wordly/Shared/Components/WordlyTextField.swift:218:6: warning: previewLayout is ignored in a #Preview macro. Use the `traits` argument of the macro to provide the desired layout, e.g. `.sizeThatFitsLayout. (from macro 'Preview')
    .previewLayout(.sizeThatFits)
     ^
/Users/agents/Projects/nativeproof-wordly-loop-JbNA9R/ios/wordly-mobile-ios/Wordly/Shared/Components/WordlyTextField.swift:220:6: warning: previewDisplayName is ignored in a #Preview macro. Provide the name to the macro initializer, e.g. `#Preview("preview name")` (from macro 'Preview')
    .previewDisplayName("Dark Mode")
     ^
/Users/agents/Projects/nativeproof-wordly-loop-JbNA9R/ios/wordly-mobile-ios/Wordly/Features/LiveSession/Views/LiveSessionView.swift:812:17: warning: initialization of immutable value 'languageInfo' was never used; consider replacing with assignment to '_' or removing it
            let languageInfo = languageLibrary.findLanguageInfo(languageCode)
            ~~~~^~~~~~~~~~~~
            _
/Users/agents/Projects/nativeproof-wordly-loop-JbNA9R/ios/wordly-mobile-ios/Wordly/Features/LiveSession/ViewModels/PresenterAudioManager.swift:340:101: warning: 'allowBluetooth' was deprecated in iOS 8.0: renamed to 'AVAudioSession.CategoryOptions.allowBluetoothHFP'
            try audioSession.setCategory(.playAndRecord, mode: .default, options: [.mixWithOthers, .allowBluetooth, .allowBluetoothA2DP, .defaultToSpeaker])
                                                                                                    ^
/Users/agents/Projects/nativeproof-wordly-loop-JbNA9R/ios/wordly-mobile-ios/Wordly/Features/LiveSession/ViewModels/PresenterAudioManager.swift:340:101: note: use 'AVAudioSession.CategoryOptions.allowBluetoothHFP' instead
            try audioSession.setCategory(.playAndRecord, mode: .default, options: [.mixWithOthers, .allowBluetooth, .allowBluetoothA2DP, .defaultToSpeaker])
                                                                                                    ^~~~~~~~~~~~~~
                                                                                                    AVAudioSession.CategoryOptions.allowBluetoothHFP
/Users/agents/Projects/nativeproof-wordly-loop-JbNA9R/ios/wordly-mobile-ios/Wordly/Features/LiveSession/ViewModels/PresenterAudioManager.swift:401:71: warning: variable 'self' was written to, but never read
        DispatchQueue.main.asyncAfter(deadline: .now() + 0.1) { [weak self] in
                                                                      ^
/Users/agents/Projects/nativeproof-wordly-loop-JbNA9R/.nativeproof/ios/DerivedData/Build/Intermediates.noindex/Wordly.build/Debug-iphonesimulator/Wordly.build/DerivedSources/GeneratedAssetSymbols.swift:985:14: warning: The "Primary" color asset name resolves to a conflicting Color symbol "primary". Try renaming the asset.
    #warning("The \"Primary\" color asset name resolves to a conflicting Color symbol \"primary\". Try renaming the asset.")
             ^~~~~~~~~~~~~~~~~~~~~~~~~~~~~~~~~~~~~~~~~~~~~~~~~~~~~~~~~~~~~~~~~~~~~~~~~~~~~~~~~~~~~~~~~~~~~~~~~~~~~~~~~~~~~~
/Users/agents/Projects/nativeproof-wordly-loop-JbNA9R/ios/wordly-mobile-ios/Wordly/Shared/Components/WordlyCheckbox.swift:100:6: warning: previewLayout is ignored in a #Preview macro. Use the `traits` argument of the macro to provide the desired layout, e.g. `.sizeThatFitsLayout. (from macro 'Preview')
    .previewLayout(.sizeThatFits)
     ^
/Users/agents/Projects/nativeproof-wordly-loop-JbNA9R/ios/wordly-mobile-ios/Wordly/Shared/Components/WordlyTextField.swift:184:6: warning: previewLayout is ignored in a #Preview macro. Use the `traits` argument of the macro to provide the desired layout, e.g. `.sizeThatFitsLayout. (from macro 'Preview')
    .previewLayout(.sizeThatFits)
     ^
/Users/agents/Projects/nativeproof-wordly-loop-JbNA9R/ios/wordly-mobile-ios/Wordly/Shared/Components/WordlyTextField.swift:186:6: warning: previewDisplayName is ignored in a #Preview macro. Provide the name to the macro initializer, e.g. `#Preview("preview name")` (from macro 'Preview')
    .previewDisplayName("Light Mode")
     ^
/Users/agents/Projects/nativeproof-wordly-loop-JbNA9R/ios/wordly-mobile-ios/Wordly/Shared/Components/WordlyTextField.swift:218:6: warning: previewLayout is ignored in a #Preview macro. Use the `traits` argument of the macro to provide the desired layout, e.g. `.sizeThatFitsLayout. (from macro 'Preview')
    .previewLayout(.sizeThatFits)
     ^
/Users/agents/Projects/nativeproof-wordly-loop-JbNA9R/ios/wordly-mobile-ios/Wordly/Shared/Components/WordlyTextField.swift:220:6: warning: previewDisplayName is ignored in a #Preview macro. Provide the name to the macro initializer, e.g. `#Preview("preview name")` (from macro 'Preview')
    .previewDisplayName("Dark Mode")
     ^
/Users/agents/Projects/nativeproof-wordly-loop-JbNA9R/.nativeproof/ios/DerivedData/Build/Intermediates.noindex/Wordly.build/Debug-iphonesimulator/Wordly.build/DerivedSources/GeneratedAssetSymbols.swift:985:14: warning: The "Primary" color asset name resolves to a conflicting Color symbol "primary". Try renaming the asset.
    #warning("The \"Primary\" color asset name resolves to a conflicting Color symbol \"primary\". Try renaming the asset.")
             ^~~~~~~~~~~~~~~~~~~~~~~~~~~~~~~~~~~~~~~~~~~~~~~~~~~~~~~~~~~~~~~~~~~~~~~~~~~~~~~~~~~~~~~~~~~~~~~~~~~~~~~~~~~~~~
/Users/agents/Projects/nativeproof-wordly-loop-JbNA9R/ios/wordly-mobile-ios/Wordly/Shared/Components/WordlyCheckbox.swift:100:6: warning: previewLayout is ignored in a #Preview macro. Use the `traits` argument of the macro to provide the desired layout, e.g. `.sizeThatFitsLayout. (from macro 'Preview')
    .previewLayout(.sizeThatFits)
     ^
/Users/agents/Projects/nativeproof-wordly-loop-JbNA9R/ios/wordly-mobile-ios/Wordly/Shared/Components/WordlyTextField.swift:184:6: warning: previewLayout is ignored in a #Preview macro. Use the `traits` argument of the macro to provide the desired layout, e.g. `.sizeThatFitsLayout. (from macro 'Preview')
    .previewLayout(.sizeThatFits)
     ^
/Users/agents/Projects/nativeproof-wordly-loop-JbNA9R/ios/wordly-mobile-ios/Wordly/Shared/Components/WordlyTextField.swift:186:6: warning: previewDisplayName is ignored in a #Preview macro. Provide the name to the macro initializer, e.g. `#Preview("preview name")` (from macro 'Preview')
    .previewDisplayName("Light Mode")
     ^
/Users/agents/Projects/nativeproof-wordly-loop-JbNA9R/ios/wordly-mobile-ios/Wordly/Shared/Components/WordlyTextField.swift:218:6: warning: previewLayout is ignored in a #Preview macro. Use the `traits` argument of the macro to provide the desired layout, e.g. `.sizeThatFitsLayout. (from macro 'Preview')
    .previewLayout(.sizeThatFits)
     ^
/Users/agents/Projects/nativeproof-wordly-loop-JbNA9R/ios/wordly-mobile-ios/Wordly/Shared/Components/WordlyTextField.swift:220:6: warning: previewDisplayName is ignored in a #Preview macro. Provide the name to the macro initializer, e.g. `#Preview("preview name")` (from macro 'Preview')
    .previewDisplayName("Dark Mode")
     ^
/Users/agents/Projects/nativeproof-wordly-loop-JbNA9R/ios/wordly-mobile-ios/Wordly/Features/LiveSession/Views/LiveSessionView.swift:812:17: warning: initialization of immutable value 'languageInfo' was never used; consider replacing with assignment to '_' or removing it
            let languageInfo = languageLibrary.findLanguageInfo(languageCode)
            ~~~~^~~~~~~~~~~~
            _
/Users/agents/Projects/nativeproof-wordly-loop-JbNA9R/ios/wordly-mobile-ios/Wordly/Shared/Components/WordlyCheckbox.swift:100:6: warning: previewLayout is ignored in a #Preview macro. Use the `traits` argument of the macro to provide the desired layout, e.g. `.sizeThatFitsLayout. (from macro 'Preview')
    .previewLayout(.sizeThatFits)
     ^
/Users/agents/Projects/nativeproof-wordly-loop-JbNA9R/ios/wordly-mobile-ios/Wordly/Shared/Components/WordlyTextField.swift:184:6: warning: previewLayout is ignored in a #Preview macro. Use the `traits` argument of the macro to provide the desired layout, e.g. `.sizeThatFitsLayout. (from macro 'Preview')
    .previewLayout(.sizeThatFits)
     ^
/Users/agents/Projects/nativeproof-wordly-loop-JbNA9R/ios/wordly-mobile-ios/Wordly/Shared/Components/WordlyTextField.swift:186:6: warning: previewDisplayName is ignored in a #Preview macro. Provide the name to the macro initializer, e.g. `#Preview("preview name")` (from macro 'Preview')
    .previewDisplayName("Light Mode")
     ^
/Users/agents/Projects/nativeproof-wordly-loop-JbNA9R/ios/wordly-mobile-ios/Wordly/Shared/Components/WordlyTextField.swift:218:6: warning: previewLayout is ignored in a #Preview macro. Use the `traits` argument of the macro to provide the desired layout, e.g. `.sizeThatFitsLayout. (from macro 'Preview')
    .previewLayout(.sizeThatFits)
     ^
/Users/agents/Projects/nativeproof-wordly-loop-JbNA9R/ios/wordly-mobile-ios/Wordly/Shared/Components/WordlyTextField.swift:220:6: warning: previewDisplayName is ignored in a #Preview macro. Provide the name to the macro initializer, e.g. `#Preview("preview name")` (from macro 'Preview')
    .previewDisplayName("Dark Mode")
     ^
/Users/agents/Projects/nativeproof-wordly-loop-JbNA9R/.nativeproof/ios/DerivedData/Build/Intermediates.noindex/Wordly.build/Debug-iphonesimulator/Wordly.build/DerivedSources/GeneratedAssetSymbols.swift:985:14: warning: The "Primary" color asset name resolves to a conflicting Color symbol "primary". Try renaming the asset.
    #warning("The \"Primary\" color asset name resolves to a conflicting Color symbol \"primary\". Try renaming the asset.")
             ^~~~~~~~~~~~~~~~~~~~~~~~~~~~~~~~~~~~~~~~~~~~~~~~~~~~~~~~~~~~~~~~~~~~~~~~~~~~~~~~~~~~~~~~~~~~~~~~~~~~~~~~~~~~~~
/Users/agents/Projects/nativeproof-wordly-loop-JbNA9R/.nativeproof/ios/DerivedData/Build/Intermediates.noindex/Wordly.build/Debug-iphonesimulator/Wordly.build/DerivedSources/GeneratedAssetSymbols.swift:985:14: warning: The "Primary" color asset name resolves to a conflicting Color symbol "primary". Try renaming the asset.
    #warning("The \"Primary\" color asset name resolves to a conflicting Color symbol \"primary\". Try renaming the asset.")
             ^~~~~~~~~~~~~~~~~~~~~~~~~~~~~~~~~~~~~~~~~~~~~~~~~~~~~~~~~~~~~~~~~~~~~~~~~~~~~~~~~~~~~~~~~~~~~~~~~~~~~~~~~~~~~~
/Users/agents/Projects/nativeproof-wordly-loop-JbNA9R/ios/wordly-mobile-ios/Wordly/Shared/Components/WordlyCheckbox.swift:100:6: warning: previewLayout is ignored in a #Preview macro. Use the `traits` argument of the macro to provide the desired layout, e.g. `.sizeThatFitsLayout. (from macro 'Preview')
    .previewLayout(.sizeThatFits)
     ^
/Users/agents/Projects/nativeproof-wordly-loop-JbNA9R/ios/wordly-mobile-ios/Wordly/Shared/Components/WordlyTextField.swift:184:6: warning: previewLayout is ignored in a #Preview macro. Use the `traits` argument of the macro to provide the desired layout, e.g. `.sizeThatFitsLayout. (from macro 'Preview')
    .previewLayout(.sizeThatFits)
     ^
/Users/agents/Projects/nativeproof-wordly-loop-JbNA9R/ios/wordly-mobile-ios/Wordly/Shared/Components/WordlyTextField.swift:186:6: warning: previewDisplayName is ignored in a #Preview macro. Provide the name to the macro initializer, e.g. `#Preview("preview name")` (from macro 'Preview')
    .previewDisplayName("Light Mode")
     ^
/Users/agents/Projects/nativeproof-wordly-loop-JbNA9R/ios/wordly-mobile-ios/Wordly/Shared/Components/WordlyTextField.swift:218:6: warning: previewLayout is ignored in a #Preview macro. Use the `traits` argument of the macro to provide the desired layout, e.g. `.sizeThatFitsLayout. (from macro 'Preview')
    .previewLayout(.sizeThatFits)
     ^
/Users/agents/Projects/nativeproof-wordly-loop-JbNA9R/ios/wordly-mobile-ios/Wordly/Shared/Components/WordlyTextField.swift:220:6: warning: previewDisplayName is ignored in a #Preview macro. Provide the name to the macro initializer, e.g. `#Preview("preview name")` (from macro 'Preview')
    .previewDisplayName("Dark Mode")
     ^
/Users/agents/Projects/nativeproof-wordly-loop-JbNA9R/.nativeproof/ios/DerivedData/Build/Intermediates.noindex/Wordly.build/Debug-iphonesimulator/Wordly.build/DerivedSources/GeneratedAssetSymbols.swift:985:14: warning: The "Primary" color asset name resolves to a conflicting Color symbol "primary". Try renaming the asset.
    #warning("The \"Primary\" color asset name resolves to a conflicting Color symbol \"primary\". Try renaming the asset.")
             ^~~~~~~~~~~~~~~~~~~~~~~~~~~~~~~~~~~~~~~~~~~~~~~~~~~~~~~~~~~~~~~~~~~~~~~~~~~~~~~~~~~~~~~~~~~~~~~~~~~~~~~~~~~~~~
/Users/agents/Projects/nativeproof-wordly-loop-JbNA9R/ios/wordly-mobile-ios/Wordly/Shared/Components/WordlyCheckbox.swift:100:6: warning: previewLayout is ignored in a #Preview macro. Use the `traits` argument of the macro to provide the desired layout, e.g. `.sizeThatFitsLayout. (from macro 'Preview')
    .previewLayout(.sizeThatFits)
     ^
/Users/agents/Projects/nativeproof-wordly-loop-JbNA9R/ios/wordly-mobile-ios/Wordly/Shared/Components/WordlyTextField.swift:184:6: warning: previewLayout is ignored in a #Preview macro. Use the `traits` argument of the macro to provide the desired layout, e.g. `.sizeThatFitsLayout. (from macro 'Preview')
    .previewLayout(.sizeThatFits)
     ^
/Users/agents/Projects/nativeproof-wordly-loop-JbNA9R/ios/wordly-mobile-ios/Wordly/Shared/Components/WordlyTextField.swift:186:6: warning: previewDisplayName is ignored in a #Preview macro. Provide the name to the macro initializer, e.g. `#Preview("preview name")` (from macro 'Preview')
    .previewDisplayName("Light Mode")
     ^
/Users/agents/Projects/nativeproof-wordly-loop-JbNA9R/ios/wordly-mobile-ios/Wordly/Shared/Components/WordlyTextField.swift:218:6: warning: previewLayout is ignored in a #Preview macro. Use the `traits` argument of the macro to provide the desired layout, e.g. `.sizeThatFitsLayout. (from macro 'Preview')
    .previewLayout(.sizeThatFits)
     ^
/Users/agents/Projects/nativeproof-wordly-loop-JbNA9R/ios/wordly-mobile-ios/Wordly/Shared/Components/WordlyTextField.swift:220:6: warning: previewDisplayName is ignored in a #Preview macro. Provide the name to the macro initializer, e.g. `#Preview("preview name")` (from macro 'Preview')
    .previewDisplayName("Dark Mode")
     ^
/Users/agents/Projects/nativeproof-wordly-loop-JbNA9R/.nativeproof/ios/DerivedData/Build/Intermediates.noindex/Wordly.build/Debug-iphonesimulator/Wordly.build/DerivedSources/GeneratedAssetSymbols.swift:985:14: warning: The "Primary" color asset name resolves to a conflicting Color symbol "primary". Try renaming the asset.
    #warning("The \"Primary\" color asset name resolves to a conflicting Color symbol \"primary\". Try renaming the asset.")
             ^~~~~~~~~~~~~~~~~~~~~~~~~~~~~~~~~~~~~~~~~~~~~~~~~~~~~~~~~~~~~~~~~~~~~~~~~~~~~~~~~~~~~~~~~~~~~~~~~~~~~~~~~~~~~~
/Users/agents/Projects/nativeproof-wordly-loop-JbNA9R/ios/wordly-mobile-ios/Wordly/Shared/Components/WordlyCheckbox.swift:100:6: warning: previewLayout is ignored in a #Preview macro. Use the `traits` argument of the macro to provide the desired layout, e.g. `.sizeThatFitsLayout. (from macro 'Preview')
    .previewLayout(.sizeThatFits)
     ^
/Users/agents/Projects/nativeproof-wordly-loop-JbNA9R/ios/wordly-mobile-ios/Wordly/Shared/Components/WordlyTextField.swift:184:6: warning: previewLayout is ignored in a #Preview macro. Use the `traits` argument of the macro to provide the desired layout, e.g. `.sizeThatFitsLayout. (from macro 'Preview')
    .previewLayout(.sizeThatFits)
     ^
/Users/agents/Projects/nativeproof-wordly-loop-JbNA9R/ios/wordly-mobile-ios/Wordly/Shared/Components/WordlyTextField.swift:186:6: warning: previewDisplayName is ignored in a #Preview macro. Provide the name to the macro initializer, e.g. `#Preview("preview name")` (from macro 'Preview')
    .previewDisplayName("Light Mode")
     ^
/Users/agents/Projects/nativeproof-wordly-loop-JbNA9R/ios/wordly-mobile-ios/Wordly/Shared/Components/WordlyTextField.swift:218:6: warning: previewLayout is ignored in a #Preview macro. Use the `traits` argument of the macro to provide the desired layout, e.g. `.sizeThatFitsLayout. (from macro 'Preview')
    .previewLayout(.sizeThatFits)
     ^
/Users/agents/Projects/nativeproof-wordly-loop-JbNA9R/ios/wordly-mobile-ios/Wordly/Shared/Components/WordlyTextField.swift:220:6: warning: previewDisplayName is ignored in a #Preview macro. Provide the name to the macro initializer, e.g. `#Preview("preview name")` (from macro 'Preview')
    .previewDisplayName("Dark Mode")
     ^
/Users/agents/Projects/nativeproof-wordly-loop-JbNA9R/ios/wordly-mobile-ios/Wordly/Features/JoinSession/SessionJoinView.swift:74:13: warning: variable 'lastAlphabetIndex' was written to, but never read
        var lastAlphabetIndex = -1
            ^
/Users/agents/Projects/nativeproof-wordly-loop-JbNA9R/.nativeproof/ios/DerivedData/Build/Intermediates.noindex/Wordly.build/Debug-iphonesimulator/Wordly.build/Script-B3B3A8AE2EEA89E600DD592D.sh: line 3: /Users/agents/Projects/nativeproof-wordly-loop-JbNA9R/.nativeproof/ios/DerivedData/SourcePackages/checkouts/firebase-ios-sdk/Crashlytics/run: No such file or directory
Command PhaseScriptExecution failed with a nonzero exit code
note: Run script build phase 'Setup Firebase Environment GoogleService-Info.plist' will be run during every build because the option to run the script phase "Based on dependency analysis" is unchecked. (in target 'Wordly' from project 'Wordly')
warning: Run script build phase 'Crashlytics Run Script' will be run during every build because it does not specify any outputs. To address this issue, either add output dependencies to the script phase, or configure it to run in every build by unchecking "Based on dependency analysis" in the script phase. (in target 'Wordly' from project 'Wordly')
** BUILD FAILED **

nativeproof: xcodebuild exited 65, but produced ./build/ios/Wordly.app; continuing with that app.
nativeproof: updated nativeproof.config.ts
nativeproof: package.json already exists — skipped
nativeproof: onboarded ios app at ./build/ios/Wordly.app

Next: run `npm run test:e2e` or `nativeproof --ios`.
